{
  "RSpec": {
    "coverage": {
      "/Users/braydengreen/programmingstuff/DPL/controller_specs/config/environment.rb": [
        null,
        1,
        null,
        null,
        1
      ],
      "/Users/braydengreen/programmingstuff/DPL/controller_specs/config/application.rb": [
        1,
        null,
        1,
        null,
        1,
        1,
        1,
        1,
        1,
        1,
        1,
        null,
        null,
        null,
        null,
        1,
        null,
        1,
        1,
        null,
        null,
        null,
        null,
        null,
        null,
        null,
        null,
        null,
        null,
        null,
        null,
        null,
        1,
        null,
        null
      ],
      "/Users/braydengreen/programmingstuff/DPL/controller_specs/config/boot.rb": [
        1,
        null,
        1
      ],
      "/Users/braydengreen/programmingstuff/DPL/controller_specs/config/environments/test.rb": [
        1,
        null,
        null,
        null,
        null,
        null,
        null,
        1,
        null,
        null,
        null,
        null,
        1,
        null,
        null,
        1,
        1,
        null,
        null,
        1,
        1,
        null,
        null,
        1,
        null,
        null,
        1,
        null,
        null,
        null,
        null,
        1,
        null,
        null,
        1,
        null,
        null,
        1,
        null,
        null,
        null,
        null
      ],
      "/Users/braydengreen/programmingstuff/DPL/controller_specs/config/initializers/assets.rb": [
        null,
        null,
        null,
        1,
        null,
        null,
        null,
        null,
        null,
        null,
        null
      ],
      "/Users/braydengreen/programmingstuff/DPL/controller_specs/config/initializers/backtrace_silencers.rb": [
        null,
        null,
        null,
        null,
        null,
        null,
        null
      ],
      "/Users/braydengreen/programmingstuff/DPL/controller_specs/config/initializers/cookies_serializer.rb": [
        null,
        null,
        1
      ],
      "/Users/braydengreen/programmingstuff/DPL/controller_specs/config/initializers/filter_parameter_logging.rb": [
        null,
        null,
        null,
        1
      ],
      "/Users/braydengreen/programmingstuff/DPL/controller_specs/config/initializers/inflections.rb": [
        null,
        null,
        null,
        null,
        null,
        null,
        null,
        null,
        null,
        null,
        null,
        null,
        null,
        null,
        null,
        null
      ],
      "/Users/braydengreen/programmingstuff/DPL/controller_specs/config/initializers/mime_types.rb": [
        null,
        null,
        null,
        null
      ],
      "/Users/braydengreen/programmingstuff/DPL/controller_specs/config/initializers/session_store.rb": [
        null,
        null,
        1
      ],
      "/Users/braydengreen/programmingstuff/DPL/controller_specs/config/initializers/wrap_parameters.rb": [
        null,
        null,
        null,
        null,
        null,
        null,
        1,
        1,
        null,
        null,
        null,
        null,
        null,
        null
      ],
      "/Users/braydengreen/programmingstuff/DPL/controller_specs/config/routes.rb": [
        1,
        1,
        1,
        1,
        null
      ],
      "/Users/braydengreen/programmingstuff/DPL/controller_specs/app/helpers/address_helper.rb": [
        1,
        null
      ],
      "/Users/braydengreen/programmingstuff/DPL/controller_specs/app/helpers/application_helper.rb": [
        1,
        null
      ],
      "/Users/braydengreen/programmingstuff/DPL/controller_specs/app/helpers/homes_helper.rb": [
        1,
        null
      ],
      "/Users/braydengreen/programmingstuff/DPL/controller_specs/app/helpers/people_helper.rb": [
        1,
        null
      ],
      "/Users/braydengreen/programmingstuff/DPL/controller_specs/app/controllers/people_controller.rb": [
        1,
        1,
        null,
        1,
        1,
        null,
        null,
        1,
        null,
        null,
        1,
        null,
        null,
        1,
        3,
        1,
        null,
        2,
        null,
        null,
        null,
        1,
        1,
        null,
        null,
        1,
        3,
        3,
        1,
        null,
        2,
        null,
        null,
        null,
        1,
        1,
        1,
        null,
        null,
        1,
        1,
        6,
        null,
        null,
        1,
        6,
        null,
        null,
        null
      ],
      "/Users/braydengreen/programmingstuff/DPL/controller_specs/app/controllers/application_controller.rb": [
        1,
        null,
        null,
        1,
        null
      ],
      "/Users/braydengreen/programmingstuff/DPL/controller_specs/app/models/person.rb": [
        1,
        1,
        1,
        null
      ]
    },
    "timestamp": 1443033608
  }
}
