{
  "RSpec": {
    "coverage": {
      "/Users/braydengreen/programmingstuff/DPL/cars/config/environment.rb": [
        null,
        1,
        null,
        null,
        1
      ],
      "/Users/braydengreen/programmingstuff/DPL/cars/config/application.rb": [
        1,
        null,
        1,
        null,
        1,
        1,
        1,
        1,
        1,
        1,
        1,
        null,
        null,
        null,
        null,
        1,
        null,
        1,
        1,
        null,
        null,
        null,
        null,
        null,
        null,
        null,
        null,
        null,
        null,
        null,
        null,
        null,
        1,
        null,
        null
      ],
      "/Users/braydengreen/programmingstuff/DPL/cars/config/boot.rb": [
        1,
        null,
        1
      ],
      "/Users/braydengreen/programmingstuff/DPL/cars/config/environments/test.rb": [
        1,
        null,
        null,
        null,
        null,
        null,
        null,
        1,
        null,
        null,
        null,
        null,
        1,
        null,
        null,
        1,
        1,
        null,
        null,
        1,
        1,
        null,
        null,
        1,
        null,
        null,
        1,
        null,
        null,
        null,
        null,
        1,
        null,
        null,
        1,
        null,
        null,
        1,
        null,
        null,
        null,
        null
      ],
      "/Users/braydengreen/programmingstuff/DPL/cars/config/initializers/assets.rb": [
        null,
        null,
        null,
        1,
        null,
        null,
        null,
        null,
        null,
        null,
        null
      ],
      "/Users/braydengreen/programmingstuff/DPL/cars/config/initializers/backtrace_silencers.rb": [
        null,
        null,
        null,
        null,
        null,
        null,
        null
      ],
      "/Users/braydengreen/programmingstuff/DPL/cars/config/initializers/cookies_serializer.rb": [
        null,
        null,
        1
      ],
      "/Users/braydengreen/programmingstuff/DPL/cars/config/initializers/filter_parameter_logging.rb": [
        null,
        null,
        null,
        1
      ],
      "/Users/braydengreen/programmingstuff/DPL/cars/config/initializers/inflections.rb": [
        null,
        null,
        null,
        null,
        null,
        null,
        null,
        null,
        null,
        null,
        null,
        null,
        null,
        null,
        null,
        null
      ],
      "/Users/braydengreen/programmingstuff/DPL/cars/config/initializers/mime_types.rb": [
        null,
        null,
        null,
        null
      ],
      "/Users/braydengreen/programmingstuff/DPL/cars/config/initializers/session_store.rb": [
        null,
        null,
        1
      ],
      "/Users/braydengreen/programmingstuff/DPL/cars/config/initializers/wrap_parameters.rb": [
        null,
        null,
        null,
        null,
        null,
        null,
        1,
        1,
        null,
        null,
        null,
        null,
        null,
        null
      ],
      "/Users/braydengreen/programmingstuff/DPL/cars/config/routes.rb": [
        1,
        null,
        null,
        null,
        null,
        null,
        null,
        null,
        null,
        null,
        null,
        null,
        null,
        null,
        null,
        null,
        null,
        null,
        null,
        null,
        null,
        null,
        null,
        null,
        null,
        null,
        null,
        null,
        null,
        null,
        null,
        null,
        null,
        null,
        null,
        null,
        null,
        null,
        null,
        null,
        null,
        null,
        null,
        null,
        null,
        null,
        null,
        null,
        null,
        null,
        null,
        null,
        null,
        null,
        null,
        null
      ],
      "/Users/braydengreen/programmingstuff/DPL/cars/app/helpers/application_helper.rb": [
        1,
        null
      ],
      "/Users/braydengreen/programmingstuff/DPL/cars/app/models/car.rb": [
        1,
        1,
        1,
        1,
        1,
        null,
        null,
        1,
        1,
        null,
        null,
        1,
        1,
        0,
        null,
        1,
        null,
        null,
        null,
        1,
        0,
        0,
        null,
        0,
        0,
        null,
        null,
        null,
        1,
        0,
        0,
        0,
        0,
        0,
        0,
        null,
        null,
        null,
        1,
        0,
        null,
        null,
        1,
        0,
        0,
        0,
        0,
        null,
        0,
        null,
        null,
        null,
        null
      ],
      "/Users/braydengreen/programmingstuff/DPL/cars/spec/models/part_spec.rb": [
        1,
        null,
        1,
        1,
        null
      ],
      "/Users/braydengreen/programmingstuff/DPL/cars/app/models/part.rb": [
        1,
        1,
        null
      ]
    },
    "timestamp": 1442955212
  }
}
